#! /usr/bin/vvp
:ivl_version "10.1 (stable)";
:ivl_delay_selection "TYPICAL";
:vpi_time_precision - 9;
:vpi_module "system";
:vpi_module "vhdl_sys";
:vpi_module "v2005_math";
:vpi_module "va_math";
S_0x557c518a8a00 .scope module, "hex2bin_decoder_tb" "hex2bin_decoder_tb" 2 3;
 .timescale -6 -9;
v0x557c518c8f70_0 .net "decoded_val", 7 0, v0x557c518a8d70_0;  1 drivers
v0x557c518c9030_0 .var/i "error_cnt", 31 0;
v0x557c518c90f0_0 .var "hex_in", 3 0;
S_0x557c518a8b80 .scope module, "HEX2BIN" "hex2bin_decoder" 2 9, 3 1 0, S_0x557c518a8a00;
 .timescale -6 -9;
    .port_info 0 /INPUT 4 "hex"
    .port_info 1 /OUTPUT 8 "bin"
v0x557c518a8d70_0 .var "bin", 7 0;
v0x557c518c8e30_0 .net "hex", 3 0, v0x557c518c90f0_0;  1 drivers
E_0x557c51862980 .event edge, v0x557c518c8e30_0;
    .scope S_0x557c518a8b80;
T_0 ;
    %wait E_0x557c51862980;
    %load/vec4 v0x557c518c8e30_0;
    %dup/vec4;
    %pushi/vec4 0, 0, 4;
    %cmp/u;
    %jmp/1 T_0.0, 6;
    %dup/vec4;
    %pushi/vec4 1, 0, 4;
    %cmp/u;
    %jmp/1 T_0.1, 6;
    %dup/vec4;
    %pushi/vec4 2, 0, 4;
    %cmp/u;
    %jmp/1 T_0.2, 6;
    %dup/vec4;
    %pushi/vec4 3, 0, 4;
    %cmp/u;
    %jmp/1 T_0.3, 6;
    %dup/vec4;
    %pushi/vec4 4, 0, 4;
    %cmp/u;
    %jmp/1 T_0.4, 6;
    %dup/vec4;
    %pushi/vec4 5, 0, 4;
    %cmp/u;
    %jmp/1 T_0.5, 6;
    %dup/vec4;
    %pushi/vec4 6, 0, 4;
    %cmp/u;
    %jmp/1 T_0.6, 6;
    %dup/vec4;
    %pushi/vec4 7, 0, 4;
    %cmp/u;
    %jmp/1 T_0.7, 6;
    %dup/vec4;
    %pushi/vec4 8, 0, 4;
    %cmp/u;
    %jmp/1 T_0.8, 6;
    %pushi/vec4 0, 0, 8;
    %store/vec4 v0x557c518a8d70_0, 0, 8;
    %jmp T_0.10;
T_0.0 ;
    %pushi/vec4 0, 0, 8;
    %store/vec4 v0x557c518a8d70_0, 0, 8;
    %jmp T_0.10;
T_0.1 ;
    %pushi/vec4 1, 0, 8;
    %store/vec4 v0x557c518a8d70_0, 0, 8;
    %jmp T_0.10;
T_0.2 ;
    %pushi/vec4 2, 0, 8;
    %store/vec4 v0x557c518a8d70_0, 0, 8;
    %jmp T_0.10;
T_0.3 ;
    %pushi/vec4 4, 0, 8;
    %store/vec4 v0x557c518a8d70_0, 0, 8;
    %jmp T_0.10;
T_0.4 ;
    %pushi/vec4 8, 0, 8;
    %store/vec4 v0x557c518a8d70_0, 0, 8;
    %jmp T_0.10;
T_0.5 ;
    %pushi/vec4 16, 0, 8;
    %store/vec4 v0x557c518a8d70_0, 0, 8;
    %jmp T_0.10;
T_0.6 ;
    %pushi/vec4 32, 0, 8;
    %store/vec4 v0x557c518a8d70_0, 0, 8;
    %jmp T_0.10;
T_0.7 ;
    %pushi/vec4 64, 0, 8;
    %store/vec4 v0x557c518a8d70_0, 0, 8;
    %jmp T_0.10;
T_0.8 ;
    %pushi/vec4 128, 0, 8;
    %store/vec4 v0x557c518a8d70_0, 0, 8;
    %jmp T_0.10;
T_0.10 ;
    %pop/vec4 1;
    %jmp T_0;
    .thread T_0, $push;
    .scope S_0x557c518a8a00;
T_1 ;
    %pushi/vec4 0, 0, 32;
    %store/vec4 v0x557c518c9030_0, 0, 32;
    %end;
    .thread T_1;
    .scope S_0x557c518a8a00;
T_2 ;
    %vpi_call 2 17 "$dumpfile", "hex2bin_decoder_tb.vcd" {0 0 0};
    %vpi_call 2 18 "$dumpvars", 32'sb00000000000000000000000000000000, S_0x557c518a8a00 {0 0 0};
    %vpi_call 2 19 "$display", "\011|--------------------------------|" {0 0 0};
    %vpi_call 2 20 "$display", "\011  Executing test... Results are:" {0 0 0};
    %vpi_call 2 21 "$display", "\011|--------------------------------|" {0 0 0};
    %pushi/vec4 0, 0, 4;
    %store/vec4 v0x557c518c90f0_0, 0, 4;
    %delay 1000, 0;
    %pushi/vec4 2, 0, 4;
    %store/vec4 v0x557c518c90f0_0, 0, 4;
    %delay 1000, 0;
    %load/vec4 v0x557c518c8f70_0;
    %cmpi/e 2, 0, 8;
    %jmp/0xz  T_2.0, 4;
    %vpi_call 2 25 "$display", "\011\011- OK" {0 0 0};
    %jmp T_2.1;
T_2.0 ;
    %vpi_call 2 26 "$display", "\011\011- NOK" {0 0 0};
    %load/vec4 v0x557c518c9030_0;
    %pushi/vec4 1, 0, 32;
    %add;
    %store/vec4 v0x557c518c9030_0, 0, 32;
T_2.1 ;
    %delay 1000, 0;
    %pushi/vec4 1, 0, 4;
    %store/vec4 v0x557c518c90f0_0, 0, 4;
    %delay 1000, 0;
    %load/vec4 v0x557c518c8f70_0;
    %cmpi/e 1, 0, 8;
    %jmp/0xz  T_2.2, 4;
    %vpi_call 2 29 "$display", "\011\011- OK" {0 0 0};
    %jmp T_2.3;
T_2.2 ;
    %vpi_call 2 30 "$display", "\011\011- NOK" {0 0 0};
    %load/vec4 v0x557c518c9030_0;
    %pushi/vec4 1, 0, 32;
    %add;
    %store/vec4 v0x557c518c9030_0, 0, 32;
T_2.3 ;
    %delay 1000, 0;
    %pushi/vec4 6, 0, 4;
    %store/vec4 v0x557c518c90f0_0, 0, 4;
    %delay 1000, 0;
    %load/vec4 v0x557c518c8f70_0;
    %cmpi/e 32, 0, 8;
    %jmp/0xz  T_2.4, 4;
    %vpi_call 2 33 "$display", "\011\011- OK" {0 0 0};
    %jmp T_2.5;
T_2.4 ;
    %vpi_call 2 34 "$display", "\011\011- NOK" {0 0 0};
    %load/vec4 v0x557c518c9030_0;
    %pushi/vec4 1, 0, 32;
    %add;
    %store/vec4 v0x557c518c9030_0, 0, 32;
T_2.5 ;
    %delay 1000, 0;
    %pushi/vec4 7, 0, 4;
    %store/vec4 v0x557c518c90f0_0, 0, 4;
    %delay 1000, 0;
    %load/vec4 v0x557c518c8f70_0;
    %cmpi/e 64, 0, 8;
    %jmp/0xz  T_2.6, 4;
    %vpi_call 2 37 "$display", "\011\011- OK" {0 0 0};
    %jmp T_2.7;
T_2.6 ;
    %vpi_call 2 38 "$display", "\011\011- NOK" {0 0 0};
    %load/vec4 v0x557c518c9030_0;
    %pushi/vec4 1, 0, 32;
    %add;
    %store/vec4 v0x557c518c9030_0, 0, 32;
T_2.7 ;
    %delay 1000, 0;
    %pushi/vec4 8, 0, 4;
    %store/vec4 v0x557c518c90f0_0, 0, 4;
    %delay 1000, 0;
    %load/vec4 v0x557c518c8f70_0;
    %cmpi/e 128, 0, 8;
    %jmp/0xz  T_2.8, 4;
    %vpi_call 2 41 "$display", "\011\011- OK" {0 0 0};
    %jmp T_2.9;
T_2.8 ;
    %vpi_call 2 42 "$display", "\011\011- NOK" {0 0 0};
    %load/vec4 v0x557c518c9030_0;
    %pushi/vec4 1, 0, 32;
    %add;
    %store/vec4 v0x557c518c9030_0, 0, 32;
T_2.9 ;
    %delay 1000, 0;
    %pushi/vec4 3, 0, 4;
    %store/vec4 v0x557c518c90f0_0, 0, 4;
    %delay 1000, 0;
    %load/vec4 v0x557c518c8f70_0;
    %cmpi/e 4, 0, 8;
    %jmp/0xz  T_2.10, 4;
    %vpi_call 2 45 "$display", "\011\011- OK" {0 0 0};
    %jmp T_2.11;
T_2.10 ;
    %vpi_call 2 46 "$display", "\011\011- NOK" {0 0 0};
    %load/vec4 v0x557c518c9030_0;
    %pushi/vec4 1, 0, 32;
    %add;
    %store/vec4 v0x557c518c9030_0, 0, 32;
T_2.11 ;
    %vpi_call 2 48 "$display", "\011|--------------------------------|" {0 0 0};
    %load/vec4 v0x557c518c9030_0;
    %cmpi/e 0, 0, 32;
    %jmp/0xz  T_2.12, 4;
    %vpi_call 2 49 "$display", "\011\011 Result: PASS" {0 0 0};
    %jmp T_2.13;
T_2.12 ;
    %vpi_call 2 50 "$display", "\011\011 Result: FAIL" {0 0 0};
T_2.13 ;
    %vpi_call 2 51 "$display", "\011|--------------------------------|" {0 0 0};
    %vpi_call 2 52 "$display", "\012END of simulation" {0 0 0};
    %vpi_call 2 53 "$finish" {0 0 0};
    %end;
    .thread T_2;
# The file index is used to find the file name in the following table.
:file_names 4;
    "N/A";
    "<interactive>";
    "hex2bin_decoder_tb.v";
    "../rtl/hex2bin_decoder.v";
